<?xml version="1.0" encoding="UTF-8"?>
<!-- Generated by org.testng.reporters.JUnitReportReporter -->
<testsuite hostname="DESKTOP-4O939LH" failures="0" tests="2" name="selenium.LangaraProgramRequirements" time="107.488" errors="0" timestamp="2020-02-08T20:54:03 PST" skipped="0">
  <testcase classname="selenium.LangaraProgramRequirements" name="PullRequireCourses" time="103.333"/>
  <testcase classname="selenium.LangaraProgramRequirements" name="NavigateToRequiredCourses" time="4.155"/>
</testsuite> <!-- selenium.LangaraProgramRequirements -->
